android/build/outputs/logs/manifest-merger-debug-report.txt
-- Merging decision tree log ---
manifest
ADDED from LeiternUndSchlangenNeu-mb2/android/AndroidManifest.xml:2:1-52:12
	package
		ADDED from LeiternUndSchlangenNeu-mb2/android/AndroidManifest.xml:3:5-29
		INJECTED from LeiternUndSchlangenNeu-mb2/android/AndroidManifest.xml
		INJECTED from LeiternUndSchlangenNeu-mb2/android/AndroidManifest.xml
	android:versionName
		ADDED from LeiternUndSchlangenNeu-mb2/android/AndroidManifest.xml:5:5-30
		INJECTED from LeiternUndSchlangenNeu-mb2/android/AndroidManifest.xml
		INJECTED from LeiternUndSchlangenNeu-mb2/android/AndroidManifest.xml
	android:versionCode
		ADDED from LeiternUndSchlangenNeu-mb2/android/AndroidManifest.xml:4:5-28
		INJECTED from LeiternUndSchlangenNeu-mb2/android/AndroidManifest.xml
		INJECTED from LeiternUndSchlangenNeu-mb2/android/AndroidManifest.xml
	xmlns:android
		ADDED from LeiternUndSchlangenNeu-mb2/android/AndroidManifest.xml:2:11-69
uses-sdk
ADDED from LeiternUndSchlangenNeu-mb2/android/AndroidManifest.xml:7:5-9:41
MERGED from [com.google.android.gms:play-services-nearby:8.4.0] AndroidManifest.xml:18:5-42
MERGED from [com.google.android.gms:play-services-base:8.4.0] AndroidManifest.xml:18:5-42
MERGED from [com.google.android.gms:play-services-basement:8.4.0] AndroidManifest.xml:18:5-42
MERGED from [com.android.support:support-v4:23.0.0] AndroidManifest.xml:20:5-43
	android:targetSdkVersion
		ADDED from LeiternUndSchlangenNeu-mb2/android/AndroidManifest.xml:9:9-38
		INJECTED from LeiternUndSchlangenNeu-mb2/android/AndroidManifest.xml
		INJECTED from LeiternUndSchlangenNeu-mb2/android/AndroidManifest.xml
	android:minSdkVersion
		ADDED from LeiternUndSchlangenNeu-mb2/android/AndroidManifest.xml:8:9-34
		INJECTED from LeiternUndSchlangenNeu-mb2/android/AndroidManifest.xml
		INJECTED from LeiternUndSchlangenNeu-mb2/android/AndroidManifest.xml
android:uses-permission#android.permission.WRITE_EXTERNAL_STORAGE
ADDED from LeiternUndSchlangenNeu-mb2/android/AndroidManifest.xml:11:5-89
	android:name
		ADDED from LeiternUndSchlangenNeu-mb2/android/AndroidManifest.xml:11:30-86
android:uses-permission#android.permission.READ_PHONE_STATE
ADDED from LeiternUndSchlangenNeu-mb2/android/AndroidManifest.xml:12:5-83
	android:name
		ADDED from LeiternUndSchlangenNeu-mb2/android/AndroidManifest.xml:12:30-80
android:uses-permission#android.permission.READ_EXTERNAL_STORAGE
ADDED from LeiternUndSchlangenNeu-mb2/android/AndroidManifest.xml:13:5-88
	android:name
		ADDED from LeiternUndSchlangenNeu-mb2/android/AndroidManifest.xml:13:30-85
application
ADDED from LeiternUndSchlangenNeu-mb2/android/AndroidManifest.xml:15:5-50:19
MERGED from [com.google.android.gms:play-services-nearby:8.4.0] AndroidManifest.xml:20:5-20
MERGED from [com.google.android.gms:play-services-basement:8.4.0] AndroidManifest.xml:20:5-24:19
MERGED from [com.android.support:support-v4:23.0.0] AndroidManifest.xml:22:5-20
	android:label
		ADDED from LeiternUndSchlangenNeu-mb2/android/AndroidManifest.xml:18:9-41
	android:allowBackup
		ADDED from LeiternUndSchlangenNeu-mb2/android/AndroidManifest.xml:16:9-35
	android:icon
		ADDED from LeiternUndSchlangenNeu-mb2/android/AndroidManifest.xml:17:9-45
	android:theme
		ADDED from LeiternUndSchlangenNeu-mb2/android/AndroidManifest.xml:19:9-40
activity#com.mygdx.game.Layouts.startscreen
ADDED from LeiternUndSchlangenNeu-mb2/android/AndroidManifest.xml:20:9-28:20
	android:screenOrientation
		ADDED from LeiternUndSchlangenNeu-mb2/android/AndroidManifest.xml:22:13-49
	android:name
		ADDED from LeiternUndSchlangenNeu-mb2/android/AndroidManifest.xml:21:13-48
intent-filter#android.intent.action.MAIN+android.intent.category.LAUNCHER
ADDED from LeiternUndSchlangenNeu-mb2/android/AndroidManifest.xml:23:13-27:29
action#android.intent.action.MAIN
ADDED from LeiternUndSchlangenNeu-mb2/android/AndroidManifest.xml:24:17-69
	android:name
		ADDED from LeiternUndSchlangenNeu-mb2/android/AndroidManifest.xml:24:25-66
category#android.intent.category.LAUNCHER
ADDED from LeiternUndSchlangenNeu-mb2/android/AndroidManifest.xml:26:17-77
	android:name
		ADDED from LeiternUndSchlangenNeu-mb2/android/AndroidManifest.xml:26:27-74
activity#com.mygdx.game.Layouts.suchen
ADDED from LeiternUndSchlangenNeu-mb2/android/AndroidManifest.xml:29:9-31:52
	android:screenOrientation
		ADDED from LeiternUndSchlangenNeu-mb2/android/AndroidManifest.xml:31:13-49
	android:name
		ADDED from LeiternUndSchlangenNeu-mb2/android/AndroidManifest.xml:30:13-43
activity#com.mygdx.game.Layouts.spielregeln
ADDED from LeiternUndSchlangenNeu-mb2/android/AndroidManifest.xml:32:9-34:52
	android:screenOrientation
		ADDED from LeiternUndSchlangenNeu-mb2/android/AndroidManifest.xml:34:13-49
	android:name
		ADDED from LeiternUndSchlangenNeu-mb2/android/AndroidManifest.xml:33:13-48
activity#com.mygdx.game.AndroidLauncher
ADDED from LeiternUndSchlangenNeu-mb2/android/AndroidManifest.xml:35:9-37:52
	android:screenOrientation
		ADDED from LeiternUndSchlangenNeu-mb2/android/AndroidManifest.xml:37:13-49
	android:name
		ADDED from LeiternUndSchlangenNeu-mb2/android/AndroidManifest.xml:36:13-44
activity#com.mygdx.game.Layouts.nickname
ADDED from LeiternUndSchlangenNeu-mb2/android/AndroidManifest.xml:38:9-40:52
	android:screenOrientation
		ADDED from LeiternUndSchlangenNeu-mb2/android/AndroidManifest.xml:40:13-49
	android:name
		ADDED from LeiternUndSchlangenNeu-mb2/android/AndroidManifest.xml:39:13-45
activity#com.mygdx.game.NetworkConnection
ADDED from LeiternUndSchlangenNeu-mb2/android/AndroidManifest.xml:41:9-43:73
	android:label
		ADDED from LeiternUndSchlangenNeu-mb2/android/AndroidManifest.xml:43:13-70
	android:name
		ADDED from LeiternUndSchlangenNeu-mb2/android/AndroidManifest.xml:42:13-46
activity#com.mygdx.game.Spiel.GameActivity
ADDED from LeiternUndSchlangenNeu-mb2/android/AndroidManifest.xml:44:9-46:52
	android:screenOrientation
		ADDED from LeiternUndSchlangenNeu-mb2/android/AndroidManifest.xml:46:13-49
	android:name
		ADDED from LeiternUndSchlangenNeu-mb2/android/AndroidManifest.xml:45:13-47
activity#com.mygdx.game.Layouts.GameOverActivity
ADDED from LeiternUndSchlangenNeu-mb2/android/AndroidManifest.xml:47:9-62
	android:name
		ADDED from LeiternUndSchlangenNeu-mb2/android/AndroidManifest.xml:47:19-59
uses-permission#android.permission.ACCESS_NETWORK_STATE
ADDED from [com.google.android.gms:play-services-nearby:8.4.0] AndroidManifest.xml:19:5-79
	android:name
		ADDED from [com.google.android.gms:play-services-nearby:8.4.0] AndroidManifest.xml:19:22-76
meta-data#com.google.android.gms.version
ADDED from [com.google.android.gms:play-services-basement:8.4.0] AndroidManifest.xml:21:9-23:69
	android:value
		ADDED from [com.google.android.gms:play-services-basement:8.4.0] AndroidManifest.xml:23:13-66
	android:name
		ADDED from [com.google.android.gms:play-services-basement:8.4.0] AndroidManifest.xml:22:13-58